Arguments: 
  C:\Program Files\nodejs\node.exe C:\Users\luisc\AppData\Roaming\npm\node_modules\yarn\bin\yarn.js add express multer body-paser --save

PATH: 
  C:\Program Files (x86)\Cmder\vendor\bin;C:\Program Files (x86)\Cmder\vendor\conemu-maximus5\ConEmu\Scripts;C:\Program Files (x86)\Cmder\vendor\conemu-maximus5;C:\Program Files (x86)\Cmder\vendor\conemu-maximus5\ConEmu;C:\WINDOWS\system32;C:\WINDOWS;C:\WINDOWS\System32\Wbem;C:\WINDOWS\System32\WindowsPowerShell\v1.0\;C:\WINDOWS\System32\OpenSSH\;C:\Program Files\NVIDIA Corporation\NVIDIA NvDLISR;C:\Program Files\nodejs\;C:\Program Files (x86)\Cmder.exe;C:\Program Files\Git\cmd;C:\Users\luisc\AppData\Local\Microsoft\WindowsApps;C:\Users\luisc\AppData\Local\Programs\Microsoft VS Code\bin;C:\Users\luisc\AppData\Roaming\npm;C:\Program Files\Git\mingw64\bin;C:\Program Files\Git\usr\bin;C:\Program Files (x86)\Cmder

Yarn version: 
  1.22.10

Node version: 
  14.15.4

Platform: 
  win32 x64

Trace: 
  Error: https://registry.yarnpkg.com/body-paser: Not found
      at Request.params.callback [as _callback] (C:\Users\luisc\AppData\Roaming\npm\node_modules\yarn\lib\cli.js:66988:18)
      at Request.self.callback (C:\Users\luisc\AppData\Roaming\npm\node_modules\yarn\lib\cli.js:140662:22)
      at Request.emit (events.js:315:20)
      at Request.<anonymous> (C:\Users\luisc\AppData\Roaming\npm\node_modules\yarn\lib\cli.js:141634:10)
      at Request.emit (events.js:315:20)
      at IncomingMessage.<anonymous> (C:\Users\luisc\AppData\Roaming\npm\node_modules\yarn\lib\cli.js:141556:12)
      at Object.onceWrapper (events.js:421:28)
      at IncomingMessage.emit (events.js:327:22)
      at endReadableNT (internal/streams/readable.js:1327:12)
      at processTicksAndRejections (internal/process/task_queues.js:80:21)

npm manifest: 
  {
    "name": "NodeUploader",
    "version": "1.0.0",
    "description": "",
    "main": "index.js",
    "scripts": {
      "test": "echo \"Error: no test specified\" && exit 1"
    },
    "keywords": [],
    "author": "",
    "license": "ISC"
  }

yarn manifest: 
  No manifest

Lockfile: 
  No lockfile
